<?xml version="1.0" encoding="UTF-8"?>
<!-- Generated by org.testng.reporters.JUnitReportReporter -->
<testsuite hostname="DESKTOP-0H5R4VD" failures="0" tests="1" name="genericutility.BaseClass" time="2.664" errors="0" timestamp="2025-06-27T14:08:51 IST" skipped="0">
  <testcase classname="genericutility.BaseClass" name="login" time="2.664"/>
</testsuite> <!-- genericutility.BaseClass -->
