<?xml version="1.0" encoding="UTF-8"?>
<!-- Generated by org.testng.reporters.JUnitReportReporter -->
<testsuite hostname="DESKTOP-0H5R4VD" failures="0" tests="1" name="electronics.TC_DWS_051_Test" time="9.674" errors="0" timestamp="2025-06-27T20:51:23 IST" skipped="0">
  <testcase classname="electronics.TC_DWS_051_Test" name="clickOnCellPhones" time="9.674"/>
</testsuite> <!-- electronics.TC_DWS_051_Test -->
