<?xml version="1.0" encoding="UTF-8"?>
<!-- Generated by org.testng.reporters.JUnitReportReporter -->
<testsuite hostname="DESKTOP-0H5R4VD" failures="0" tests="1" name="computers.TC_DWS_011_Test" time="9.328" errors="0" timestamp="2025-06-27T20:55:05 IST" skipped="0">
  <testcase classname="computers.TC_DWS_011_Test" name="clickOnDesktop" time="9.328"/>
</testsuite> <!-- computers.TC_DWS_011_Test -->
