<?xml version="1.0" encoding="UTF-8"?>
<!-- Generated by org.testng.reporters.JUnitReportReporter -->
<testsuite hostname="DESKTOP-0H5R4VD" failures="0" tests="1" name="computers.TC_DWS_010_Test" time="4.617" errors="0" timestamp="2025-06-28T13:16:06 IST" skipped="0">
  <testcase classname="computers.TC_DWS_010_Test" name="clickOnComputers" time="4.617"/>
</testsuite> <!-- computers.TC_DWS_010_Test -->
